<?xml version="1.0" encoding="UTF-8"?>
<!-- Generated by org.testng.reporters.JUnitXMLReporter -->
<testsuite ignored="1" hostname="DESKTOP-G87JEF3" failures="0" tests="1" name="Default test" time="0.105" errors="0" timestamp="2023-02-23T02:40:23 IST">
  <testcase classname="Selenium.TestNGSkipTestCases" name="skip2" time="0.018">
    <skipped/>
  </testcase> <!-- skip2 -->
  <testcase classname="Selenium.TestNGSkipTestCases" name="skip1" time="0.0">
    <ignored/>
  </testcase> <!-- skip1 -->
</testsuite> <!-- Default test -->
